Determining if the pthread_create exist failed with the following output:
Change Dir: /home/cmaxey/vision_ws/build/CMakeFiles/CMakeTmp

Run Build Command:/usr/bin/make "cmTryCompileExec318791660/fast"
/usr/bin/make -f CMakeFiles/cmTryCompileExec318791660.dir/build.make CMakeFiles/cmTryCompileExec318791660.dir/build
make[1]: Entering directory `/home/cmaxey/vision_ws/build/CMakeFiles/CMakeTmp'
/usr/bin/cmake -E cmake_progress_report /home/cmaxey/vision_ws/build/CMakeFiles/CMakeTmp/CMakeFiles 1
Building C object CMakeFiles/cmTryCompileExec318791660.dir/CheckSymbolExists.c.o
/usr/bin/cc    -o CMakeFiles/cmTryCompileExec318791660.dir/CheckSymbolExists.c.o   -c /home/cmaxey/vision_ws/build/CMakeFiles/CMakeTmp/CheckSymbolExists.c
Linking C executable cmTryCompileExec318791660
/usr/bin/cmake -E cmake_link_script CMakeFiles/cmTryCompileExec318791660.dir/link.txt --verbose=1
/usr/bin/cc       CMakeFiles/cmTryCompileExec318791660.dir/CheckSymbolExists.c.o  -o cmTryCompileExec318791660 -rdynamic 
CMakeFiles/cmTryCompileExec318791660.dir/CheckSymbolExists.c.o: In function `main':
CheckSymbolExists.c:(.text+0x16): undefined reference to `pthread_create'
collect2: error: ld returned 1 exit status
make[1]: *** [cmTryCompileExec318791660] Error 1
make[1]: Leaving directory `/home/cmaxey/vision_ws/build/CMakeFiles/CMakeTmp'
make: *** [cmTryCompileExec318791660/fast] Error 2

File /home/cmaxey/vision_ws/build/CMakeFiles/CMakeTmp/CheckSymbolExists.c:
/* */
#include <pthread.h>

int main(int argc, char** argv)
{
  (void)argv;
#ifndef pthread_create
  return ((int*)(&pthread_create))[argc];
#else
  (void)argc;
  return 0;
#endif
}

Determining if the function pthread_create exists in the pthreads failed with the following output:
Change Dir: /home/cmaxey/vision_ws/build/CMakeFiles/CMakeTmp

Run Build Command:/usr/bin/make "cmTryCompileExec287115077/fast"
/usr/bin/make -f CMakeFiles/cmTryCompileExec287115077.dir/build.make CMakeFiles/cmTryCompileExec287115077.dir/build
make[1]: Entering directory `/home/cmaxey/vision_ws/build/CMakeFiles/CMakeTmp'
/usr/bin/cmake -E cmake_progress_report /home/cmaxey/vision_ws/build/CMakeFiles/CMakeTmp/CMakeFiles 1
Building C object CMakeFiles/cmTryCompileExec287115077.dir/CheckFunctionExists.c.o
/usr/bin/cc   -DCHECK_FUNCTION_EXISTS=pthread_create   -o CMakeFiles/cmTryCompileExec287115077.dir/CheckFunctionExists.c.o   -c /usr/share/cmake-2.8/Modules/CheckFunctionExists.c
Linking C executable cmTryCompileExec287115077
/usr/bin/cmake -E cmake_link_script CMakeFiles/cmTryCompileExec287115077.dir/link.txt --verbose=1
/usr/bin/cc   -DCHECK_FUNCTION_EXISTS=pthread_create    CMakeFiles/cmTryCompileExec287115077.dir/CheckFunctionExists.c.o  -o cmTryCompileExec287115077 -rdynamic -lpthreads 
/usr/bin/ld: cannot find -lpthreads
collect2: error: ld returned 1 exit status
make[1]: *** [cmTryCompileExec287115077] Error 1
make[1]: Leaving directory `/home/cmaxey/vision_ws/build/CMakeFiles/CMakeTmp'
make: *** [cmTryCompileExec287115077/fast] Error 2


